#
# A fatal error has been detected by the Java Runtime Environment:
#
#  Internal Error (classFileParser.cpp:3375), pid=8632, tid=8656
#  Error: ShouldNotReachHere()
#
# JRE version: 6.0_24-b07
# Java VM: Java HotSpot(TM) 64-Bit Server VM (19.1-b02 mixed mode windows-amd64 compressed oops)
# If you would like to submit a bug report, please visit:
#   http://java.sun.com/webapps/bugreport/crash.jsp
#

---------------  T H R E A D  ---------------

Current thread (0x00000000002eb000):  JavaThread "Unknown thread" [_thread_in_vm, id=8656, stack(0x00000000022c0000,0x00000000023c0000)]

Stack: [0x00000000022c0000,0x00000000023c0000]
[error occurred during error reporting (printing stack bounds), id 0xc0000005]


---------------  P R O C E S S  ---------------

Java Threads: ( => current thread )

Other Threads:

=>0x00000000002eb000 (exited) JavaThread "Unknown thread" [_thread_in_vm, id=8656, stack(0x00000000022c0000,0x00000000023c0000)]

VM state:not at safepoint (not fully initialized)

VM Mutex/Monitor currently owned by a thread: None

Dynamic libraries:
0x0000000000400000 - 0x000000000042e000 	C:\Program Files\Java\jre6\bin\javaw.exe
0x0000000076f00000 - 0x00000000770ab000 	C:\Windows\SYSTEM32\ntdll.dll
0x0000000076ce0000 - 0x0000000076dff000 	C:\Windows\system32\kernel32.dll
0x000007fefd1c0000 - 0x000007fefd22b000 	C:\Windows\system32\KERNELBASE.dll
0x000007fefd890000 - 0x000007fefd96b000 	C:\Windows\system32\ADVAPI32.dll
0x000007fefd6d0000 - 0x000007fefd76f000 	C:\Windows\system32\msvcrt.dll
0x000007fefdc30000 - 0x000007fefdc4f000 	C:\Windows\SYSTEM32\sechost.dll
0x000007fefddb0000 - 0x000007fefdede000 	C:\Windows\system32\RPCRT4.dll
0x0000000076e00000 - 0x0000000076efa000 	C:\Windows\system32\USER32.dll
0x000007fefd660000 - 0x000007fefd6c7000 	C:\Windows\system32\GDI32.dll
0x000007fefd2d0000 - 0x000007fefd2de000 	C:\Windows\system32\LPK.dll
0x000007fefef70000 - 0x000007feff03a000 	C:\Windows\system32\USP10.dll
0x000007fefd630000 - 0x000007fefd65e000 	C:\Windows\system32\IMM32.DLL
0x000007fefdc50000 - 0x000007fefdd59000 	C:\Windows\system32\MSCTF.dll
0x000000006d7f0000 - 0x000000006def4000 	C:\Program Files\Java\jre6\bin\server\jvm.dll
0x000007fefaea0000 - 0x000007fefaedb000 	C:\Windows\system32\WINMM.dll
0x000000006d760000 - 0x000000006d76e000 	C:\Program Files\Java\jre6\bin\verify.dll
0x000000006d3b0000 - 0x000000006d3d7000 	C:\Program Files\Java\jre6\bin\java.dll
0x000000006d310000 - 0x000000006d31a000 	C:\Program Files\Java\jre6\bin\hpi.dll
0x00000000770d0000 - 0x00000000770d7000 	C:\Windows\system32\PSAPI.DLL
0x000000006d7b0000 - 0x000000006d7c2000 	C:\Program Files\Java\jre6\bin\zip.dll

VM Arguments:
jvm_args: -Dfile.encoding=Cp1252 -Xbootclasspath:D:\Softwares\Android\adt-bundle-windows-x86_64\adt-bundle-windows\sdk\platforms\android-4.2\android.jar 
java_command: sun.rmi.server.Activation
Launcher Type: SUN_STANDARD

Environment Variables:
PATH=C:\Python27\;C:\Python27\Scripts;C:\Windows\system32;C:\Windows;C:\Windows\System32\Wbem;C:\Windows\System32\WindowsPowerShell\v1.0\;C:\Program Files\Intel\WiFi\bin\;C:\Program Files\Common Files\Intel\WirelessCommon\;C:\Users\Sudhanshu\AppData\Roaming\Python\Scripts;C:\Program Files\Intel\WiFi\bin\;C:\Program Files\Common Files\Intel\WirelessCommon\
USERNAME=Sudhanshu
OS=Windows_NT
PROCESSOR_IDENTIFIER=Intel64 Family 6 Model 42 Stepping 7, GenuineIntel



---------------  S Y S T E M  ---------------

OS: Windows 7 Build 7600 

CPU:total 4 (2 cores per cpu, 2 threads per core) family 6 model 42 stepping 7, cmov, cx8, fxsr, mmx, sse, sse2, sse3, ssse3, sse4.1, sse4.2, popcnt, ht

Memory: 4k page, physical 4085932k(1073972k free), swap 8169968k(4601240k free)

vm_info: Java HotSpot(TM) 64-Bit Server VM (19.1-b02) for windows-amd64 JRE (1.6.0_24-b07), built on Feb  2 2011 16:25:45 by "java_re" with MS VC++ 8.0 (VS2005)

time: Fri Dec 28 11:19:47 2012
elapsed time: 0 seconds

